#
# There is insufficient memory for the Java Runtime Environment to continue.
# Native memory allocation (malloc) failed to allocate 32744 bytes for ChunkPool::allocate
# Possible reasons:
#   The system is out of physical RAM or swap space
#   In 32 bit mode, the process size limit was hit
# Possible solutions:
#   Reduce memory load on the system
#   Increase physical memory or swap space
#   Check if swap backing store is full
#   Use 64 bit Java on a 64 bit OS
#   Decrease Java heap size (-Xmx/-Xms)
#   Decrease number of Java threads
#   Decrease Java thread stack sizes (-Xss)
#   Set larger code cache with -XX:ReservedCodeCacheSize=
# This output file may be truncated or incomplete.
#
#  Out of Memory Error (allocation.cpp:273), pid=17112, tid=0x00000000000038a4
#
# JRE version: OpenJDK Runtime Environment (8.0_152-b02) (build 1.8.0_152-release-1024-b02)
# Java VM: OpenJDK 64-Bit Server VM (25.152-b02 mixed mode windows-amd64 compressed oops)
# Failed to write core dump. Minidumps are not enabled by default on client versions of Windows
#

---------------  T H R E A D  ---------------

Current thread (0x000000001b9d5000):  JavaThread "C2 CompilerThread2" daemon [_thread_in_native, id=14500, stack(0x000000001c3a0000,0x000000001c4a0000)]

Stack: [0x000000001c3a0000,0x000000001c4a0000]
[error occurred during error reporting (printing stack bounds), id 0xc0000005]

Native frames: (J=compiled Java code, j=interpreted, Vv=VM code, C=native code)


Current CompileTask:
C2:    798  363   !   4       com.android.dx.cf.cst.ConstantPoolParser::parse0 (731 bytes)


---------------  P R O C E S S  ---------------

Java Threads: ( => current thread )
  0x000000001ba02000 JavaThread "Service Thread" daemon [_thread_blocked, id=18560, stack(0x000000001c5a0000,0x000000001c6a0000)]
  0x000000001b9db800 JavaThread "C1 CompilerThread3" daemon [_thread_blocked, id=13696, stack(0x000000001c4a0000,0x000000001c5a0000)]
=>0x000000001b9d5000 JavaThread "C2 CompilerThread2" daemon [_thread_in_native, id=14500, stack(0x000000001c3a0000,0x000000001c4a0000)]
  0x000000001b97c000 JavaThread "C2 CompilerThread1" daemon [_thread_in_native, id=19704, stack(0x000000001c2a0000,0x000000001c3a0000)]
  0x000000001b977800 JavaThread "C2 CompilerThread0" daemon [_thread_in_native, id=11036, stack(0x000000001c1a0000,0x000000001c2a0000)]
  0x000000001b9d0000 JavaThread "Attach Listener" daemon [_thread_blocked, id=11740, stack(0x000000001c0a0000,0x000000001c1a0000)]
  0x000000001b9cf000 JavaThread "Signal Dispatcher" daemon [_thread_blocked, id=7556, stack(0x000000001bfa0000,0x000000001c0a0000)]
  0x000000001b960800 JavaThread "Finalizer" daemon [_thread_blocked, id=16596, stack(0x000000001bd40000,0x000000001be40000)]
  0x0000000004ab8000 JavaThread "Reference Handler" daemon [_thread_blocked, id=9604, stack(0x000000001b840000,0x000000001b940000)]
  0x0000000002d6e000 JavaThread "main" [_thread_in_Java, id=12948, stack(0x00000000048c0000,0x00000000049c0000)]

Other Threads:
  0x0000000019a77800 VMThread [stack: 0x000000001b740000,0x000000001b840000] [id=16688]
  0x000000001ba03000 WatcherThread [stack: 0x000000001c6a0000,0x000000001c7a0000] [id=21444]

VM state:not at safepoint (normal execution)

VM Mutex/Monitor currently owned by a thread: None

Heap:
 PSYoungGen      total 38400K, used 20965K [0x00000000d5e00000, 0x00000000da900000, 0x0000000100000000)
  eden space 33280K, 49% used [0x00000000d5e00000,0x00000000d6df6020,0x00000000d7e80000)
  from space 5120K, 90% used [0x00000000d7e80000,0x00000000d8303700,0x00000000d8380000)
  to   space 5120K, 0% used [0x00000000da400000,0x00000000da400000,0x00000000da900000)
 ParOldGen       total 87552K, used 8K [0x0000000081a00000, 0x0000000086f80000, 0x00000000d5e00000)
  object space 87552K, 0% used [0x0000000081a00000,0x0000000081a02000,0x0000000086f80000)
 Metaspace       used 3820K, capacity 5144K, committed 5376K, reserved 1056768K
  class space    used 396K, capacity 456K, committed 512K, reserved 1048576K

Card table byte_map: [0x0000000013e80000,0x0000000014280000] byte_map_base: 0x0000000013a73000

Marking Bits: (ParMarkBitMap*) 0x00000000700e4970
 Begin Bits: [0x0000000014d30000, 0x0000000016cc8000)
 End Bits:   [0x0000000016cc8000, 0x0000000018c60000)

Polling page: 0x0000000002d20000

CodeCache: size=245760Kb used=3038Kb max_used=3040Kb free=242721Kb
 bounds [0x0000000004ac0000, 0x0000000004dc0000, 0x0000000013ac0000]
 total_blobs=762 nmethods=512 adapters=164
 compilation: enabled

Compilation events (10 events):
Event: 0.710 Thread 0x000000001b9db800  510       3       com.android.dx.cf.direct.StdAttributeFactory::localVariableTypeTable (98 bytes)
Event: 0.711 Thread 0x000000001b977800 nmethod 511 0x0000000004db5c90 code [0x0000000004db5de0, 0x0000000004db5f78]
Event: 0.711 Thread 0x000000001b9db800 nmethod 510 0x0000000004dba050 code [0x0000000004dba300, 0x0000000004dbb458]
Event: 0.719 Thread 0x000000001b977800  512       4       com.android.dx.cf.direct.MethodListParser::set (30 bytes)
Event: 0.728 Thread 0x000000001b9db800  514       1       com.android.dx.cf.attrib.AttEnclosingMethod::byteLength (3 bytes)
Event: 0.728 Thread 0x000000001b9db800 nmethod 514 0x0000000004db3ed0 code [0x0000000004db4020, 0x0000000004db4130]
Event: 0.729 Thread 0x000000001b9db800  515       1       com.android.dx.rop.cst.CstLiteral64::isCategory2 (2 bytes)
Event: 0.729 Thread 0x000000001b9db800 nmethod 515 0x0000000004db3c10 code [0x0000000004db3d60, 0x0000000004db3e70]
Event: 0.733 Thread 0x000000001b9db800  516       1       com.android.dx.util.ByteArray::getByte0 (12 bytes)
Event: 0.733 Thread 0x000000001b9db800 nmethod 516 0x0000000004db38d0 code [0x0000000004db3a20, 0x0000000004db3b50]

GC Heap History (2 events):
Event: 0.627 GC heap before
{Heap before GC invocations=1 (full 0):
 PSYoungGen      total 38400K, used 33280K [0x00000000d5e00000, 0x00000000d8880000, 0x0000000100000000)
  eden space 33280K, 100% used [0x00000000d5e00000,0x00000000d7e80000,0x00000000d7e80000)
  from space 5120K, 0% used [0x00000000d8380000,0x00000000d8380000,0x00000000d8880000)
  to   space 5120K, 0% used [0x00000000d7e80000,0x00000000d7e80000,0x00000000d8380000)
 ParOldGen       total 87552K, used 0K [0x0000000081a00000, 0x0000000086f80000, 0x00000000d5e00000)
  object space 87552K, 0% used [0x0000000081a00000,0x0000000081a00000,0x0000000086f80000)
 Metaspace       used 3808K, capacity 5144K, committed 5376K, reserved 1056768K
  class space    used 396K, capacity 456K, committed 512K, reserved 1048576K
Event: 0.642 GC heap after
Heap after GC invocations=1 (full 0):
 PSYoungGen      total 38400K, used 4621K [0x00000000d5e00000, 0x00000000da900000, 0x0000000100000000)
  eden space 33280K, 0% used [0x00000000d5e00000,0x00000000d5e00000,0x00000000d7e80000)
  from space 5120K, 90% used [0x00000000d7e80000,0x00000000d8303700,0x00000000d8380000)
  to   space 5120K, 0% used [0x00000000da400000,0x00000000da400000,0x00000000da900000)
 ParOldGen       total 87552K, used 8K [0x0000000081a00000, 0x0000000086f80000, 0x00000000d5e00000)
  object space 87552K, 0% used [0x0000000081a00000,0x0000000081a02000,0x0000000086f80000)
 Metaspace       used 3808K, capacity 5144K, committed 5376K, reserved 1056768K
  class space    used 396K, capacity 456K, committed 512K, reserved 1048576K
}

Deoptimization events (1 events):
Event: 0.329 Thread 0x0000000002d6e000 Uncommon trap: reason=unloaded action=reinterpret pc=0x0000000004cc721c method=com.android.dx.cf.cst.ConstantPoolParser.parse0(ILjava/util/BitSet;)Lcom/android/dx/rop/cst/Constant; @ 176

Classes redefined (0 events):
No events

Internal exceptions (2 events):
Event: 0.044 Thread 0x0000000002d6e000 Exception <a 'java/lang/NoSuchMethodError': Method sun.misc.Unsafe.defineClass(Ljava/lang/String;[BII)Ljava/lang/Class; name or signature does not match> (0x00000000d5e07ca8) thrown at [D:\src\AOSP-openjdk-cygwin\jdk8u\hotspot\src\share\vm\prims\jni.cpp, 
Event: 0.044 Thread 0x0000000002d6e000 Exception <a 'java/lang/NoSuchMethodError': Method sun.misc.Unsafe.prefetchRead(Ljava/lang/Object;J)V name or signature does not match> (0x00000000d5e07f90) thrown at [D:\src\AOSP-openjdk-cygwin\jdk8u\hotspot\src\share\vm\prims\jni.cpp, line 4011]

Events (10 events):
Event: 0.453 loading class java/util/NoSuchElementException
Event: 0.453 loading class java/util/NoSuchElementException done
Event: 0.627 Executing VM operation: ParallelGCFailedAllocation
Event: 0.642 Executing VM operation: ParallelGCFailedAllocation done
Event: 0.670 Thread 0x0000000002d6e000 DEOPT PACKING pc=0x0000000004ceac24 sp=0x00000000049bef00
Event: 0.670 Thread 0x0000000002d6e000 DEOPT UNPACKING pc=0x0000000004b075d0 sp=0x00000000049becc0 mode 0
Event: 0.671 Thread 0x0000000002d6e000 DEOPT PACKING pc=0x0000000004ce04cb sp=0x00000000049bf000
Event: 0.671 Thread 0x0000000002d6e000 DEOPT UNPACKING pc=0x0000000004b075d0 sp=0x00000000049bee10 mode 0
Event: 0.691 Thread 0x0000000002d6e000 DEOPT PACKING pc=0x0000000004ce04cb sp=0x00000000049bf070
Event: 0.691 Thread 0x0000000002d6e000 DEOPT UNPACKING pc=0x0000000004b075d0 sp=0x00000000049bee80 mode 0


Dynamic libraries:
0x00007ff74ab30000 - 0x00007ff74ab61000 	E:\Android\Android Studio\jre\bin\java.exe
0x00007ffeff280000 - 0x00007ffeff460000 	C:\WINDOWS\SYSTEM32\ntdll.dll
0x00007ffeff1a0000 - 0x00007ffeff24e000 	C:\WINDOWS\System32\KERNEL32.DLL
0x00007ffefc090000 - 0x00007ffefc2f6000 	C:\WINDOWS\System32\KERNELBASE.dll
0x00007ffefca70000 - 0x00007ffefcb11000 	C:\WINDOWS\System32\ADVAPI32.dll
0x00007ffefea70000 - 0x00007ffefeb0d000 	C:\WINDOWS\System32\msvcrt.dll
0x00007ffefefc0000 - 0x00007ffeff01b000 	C:\WINDOWS\System32\sechost.dll
0x00007ffefc750000 - 0x00007ffefc86f000 	C:\WINDOWS\System32\RPCRT4.dll
0x00007ffefcb20000 - 0x00007ffefccaf000 	C:\WINDOWS\System32\USER32.dll
0x00007ffefb920000 - 0x00007ffefb940000 	C:\WINDOWS\System32\win32u.dll
0x00007ffefd180000 - 0x00007ffefd1a8000 	C:\WINDOWS\System32\GDI32.dll
0x00007ffefb6e0000 - 0x00007ffefb873000 	C:\WINDOWS\System32\gdi32full.dll
0x00007ffefb880000 - 0x00007ffefb91b000 	C:\WINDOWS\System32\msvcp_win.dll
0x00007ffefc580000 - 0x00007ffefc676000 	C:\WINDOWS\System32\ucrtbase.dll
0x00007ffeeeb30000 - 0x00007ffeeed99000 	C:\WINDOWS\WinSxS\amd64_microsoft.windows.common-controls_6595b64144ccf1df_6.0.16299.431_none_15c7d3ee93659e73\COMCTL32.dll
0x00007ffefccb0000 - 0x00007ffefcfb8000 	C:\WINDOWS\System32\combase.dll
0x00007ffefc6d0000 - 0x00007ffefc742000 	C:\WINDOWS\System32\bcryptPrimitives.dll
0x00007ffefd1b0000 - 0x00007ffefd1dd000 	C:\WINDOWS\System32\IMM32.DLL
0x000000006f670000 - 0x000000006f742000 	E:\Android\Android Studio\jre\jre\bin\msvcr100.dll
0x000000006f920000 - 0x000000007015f000 	E:\Android\Android Studio\jre\jre\bin\server\jvm.dll
0x00007ffefcfc0000 - 0x00007ffefcfc8000 	C:\WINDOWS\System32\PSAPI.DLL
0x00007ffef8300000 - 0x00007ffef8309000 	C:\WINDOWS\SYSTEM32\WSOCK32.dll
0x00007ffef6780000 - 0x00007ffef67a3000 	C:\WINDOWS\SYSTEM32\WINMM.dll
0x00007ffef5260000 - 0x00007ffef526a000 	C:\WINDOWS\SYSTEM32\VERSION.dll
0x00007ffefcfd0000 - 0x00007ffefd03c000 	C:\WINDOWS\System32\WS2_32.dll
0x00007ffef6750000 - 0x00007ffef677a000 	C:\WINDOWS\SYSTEM32\winmmbase.dll
0x00007ffefc680000 - 0x00007ffefc6ca000 	C:\WINDOWS\System32\cfgmgr32.dll
0x00007ffef6c00000 - 0x00007ffef6c0f000 	E:\Android\Android Studio\jre\jre\bin\verify.dll
0x00007ffee5ad0000 - 0x00007ffee5af9000 	E:\Android\Android Studio\jre\jre\bin\java.dll
0x00007ffeed3e0000 - 0x00007ffeed3f6000 	E:\Android\Android Studio\jre\jre\bin\zip.dll
0x00007ffefd630000 - 0x00007ffefea68000 	C:\WINDOWS\System32\SHELL32.dll
0x00007ffefd050000 - 0x00007ffefd0f6000 	C:\WINDOWS\System32\shcore.dll
0x00007ffefb940000 - 0x00007ffefc087000 	C:\WINDOWS\System32\windows.storage.dll
0x00007ffeff130000 - 0x00007ffeff181000 	C:\WINDOWS\System32\shlwapi.dll
0x00007ffefb640000 - 0x00007ffefb651000 	C:\WINDOWS\System32\kernel.appcore.dll
0x00007ffefb5d0000 - 0x00007ffefb61c000 	C:\WINDOWS\System32\powrprof.dll
0x00007ffefb620000 - 0x00007ffefb63b000 	C:\WINDOWS\System32\profapi.dll

VM Arguments:
jvm_args: -Djava.awt.headless=true -Dfile.encoding=GBK -Duser.country=CN -Duser.language=zh -Duser.variant 
java_command: com.android.multidex.ClassReferenceListBuilder E:\AndroidStudioWorkSpace\APICloudModuleSDKNew\app\build\intermediates\multi-dex\debug\componentClasses.jar E:\AndroidStudioWorkSpace\APICloudModuleSDKNew\app\build\intermediates\transforms\jarMerging\debug\jars\1\1f\combined.jar
java_class_path (initial): E:\Android\AndroidSDK\build-tools\25.0.2\lib\dx.jar
Launcher Type: SUN_STANDARD

Environment Variables:
PATH=E:\java\jdk\bin;C:\ProgramData\Oracle\Java\javapath;C:\Program Files (x86)\Intel\iCLS Client\;C:\Program Files\Intel\iCLS Client\;C:\Windows\system32;C:\Windows;C:\Windows\System32\Wbem;C:\Windows\System32\WindowsPowerShell\v1.0\;C:\Program Files (x86)\NVIDIA Corporation\PhysX\Common;C:\Program Files (x86)\Intel\Intel(R) Management Engine Components\DAL;C:\Program Files\Intel\Intel(R) Management Engine Components\DAL;C:\Program Files (x86)\Intel\Intel(R) Management Engine Components\IPT;C:\Program Files\Intel\Intel(R) Management Engine Components\IPT;D:\SoftWare\Git\cmd;D:\SoftWare\TortoiseGit\bin;D:\nodejs\;D:\WinSCP\;C:\WINDOWS\system32;C:\WINDOWS;C:\WINDOWS\System32\Wbem;C:\WINDOWS\System32\WindowsPowerShell\v1.0\;E:\java\jdk\bin;E:\Android\AndroidSDK\tools;C:\myphp_www\PHPTutorial\php\php-5.3.29-nts\php.exe;E:\Android\AndroidSDK\platform-tools;E:\Android\AndroidSDK\tools;C:\Users\Lsrun\AppData\Local\Microsoft\WindowsApps;C:\Users\Lsrun\AppData\Local\GitHubDesktop\bin;C:\Users\Lsrun\AppData\Roaming\npm;C:\Users\Lsrun\AppData\Local\Microsoft\WindowsApps;C:\myphp_www\PHPTutorial\php\php-5.3.29-nts\php.exe;
USERNAME=Lsrun
OS=Windows_NT
PROCESSOR_IDENTIFIER=Intel64 Family 6 Model 158 Stepping 9, GenuineIntel



---------------  S Y S T E M  ---------------

OS: Windows 10.0 , 64 bit Build 16299 (10.0.16299.431)

CPU:total 8 (initial active 8) (4 cores per cpu, 2 threads per core) family 6 model 158 stepping 9, cmov, cx8, fxsr, mmx, sse, sse2, sse3, ssse3, sse4.1, sse4.2, popcnt, avx, avx2, aes, clmul, erms, 3dnowpref, lzcnt, ht, tsc, tscinvbit, bmi1, bmi2, adx

Memory: 4k page, physical 8278164k(322092k free), swap 16142480k(2568k free)

vm_info: OpenJDK 64-Bit Server VM (25.152-b02) for windows-amd64 JRE (1.8.0_152-release-1024-b02), built by "builder" with MS VC++ 10.0 (VS2010)

time: Fri Jun 22 14:45:54 2018
elapsed time: 0 seconds (0d 0h 0m 0s)

