#
# There is insufficient memory for the Java Runtime Environment to continue.
# Native memory allocation (malloc) failed to allocate 1048576 bytes for AllocateHeap
# Possible reasons:
#   The system is out of physical RAM or swap space
#   In 32 bit mode, the process size limit was hit
# Possible solutions:
#   Reduce memory load on the system
#   Increase physical memory or swap space
#   Check if swap backing store is full
#   Use 64 bit Java on a 64 bit OS
#   Decrease Java heap size (-Xmx/-Xms)
#   Decrease number of Java threads
#   Decrease Java thread stack sizes (-Xss)
#   Set larger code cache with -XX:ReservedCodeCacheSize=
# This output file may be truncated or incomplete.
#
#  Out of Memory Error (memory/allocation.inline.hpp:61), pid=1400, tid=0x0000000000002b14
#
# JRE version:  (8.0_152-b02) (build )
# Java VM: OpenJDK 64-Bit Server VM (25.152-b02 mixed mode windows-amd64 compressed oops)
# Failed to write core dump. Minidumps are not enabled by default on client versions of Windows
#

---------------  T H R E A D  ---------------

Current thread (0x000000000514e000):  JavaThread "Unknown thread" [_thread_in_vm, id=11028, stack(0x0000000004a40000,0x0000000004b40000)]

Stack: [0x0000000004a40000,0x0000000004b40000]
[error occurred during error reporting (printing stack bounds), id 0xc0000005]

Native frames: (J=compiled Java code, j=interpreted, Vv=VM code, C=native code)


---------------  P R O C E S S  ---------------

Java Threads: ( => current thread )

Other Threads:

=>0x000000000514e000 (exited) JavaThread "Unknown thread" [_thread_in_vm, id=11028, stack(0x0000000004a40000,0x0000000004b40000)]

VM state:not at safepoint (normal execution)

VM Mutex/Monitor currently owned by a thread: None

Heap:
 PSYoungGen      total 38400K, used 665K [0x00000000d5e00000, 0x00000000d8880000, 0x0000000100000000)
  eden space 33280K, 2% used [0x00000000d5e00000,0x00000000d5ea6670,0x00000000d7e80000)
  from space 5120K, 0% used [0x00000000d8380000,0x00000000d8380000,0x00000000d8880000)
  to   space 5120K, 0% used [0x00000000d7e80000,0x00000000d7e80000,0x00000000d8380000)
 ParOldGen       total 87552K, used 0K [0x0000000081a00000, 0x0000000086f80000, 0x00000000d5e00000)
  object space 87552K, 0% used [0x0000000081a00000,0x0000000081a00000,0x0000000086f80000)
 Metaspace       used 772K, capacity 4480K, committed 4480K, reserved 1056768K
  class space    used 73K, capacity 384K, committed 384K, reserved 1048576K

Card table byte_map: [0x0000000014510000,0x0000000014910000] byte_map_base: 0x0000000014103000

Marking Bits: (ParMarkBitMap*) 0x00000000700e4970
 Begin Bits: [0x00000000153c0000, 0x0000000017358000)
 End Bits:   [0x0000000017358000, 0x00000000192f0000)

Polling page: 0x0000000002d00000

CodeCache: size=245760Kb used=328Kb max_used=328Kb free=245431Kb
 bounds [0x0000000005150000, 0x00000000053c0000, 0x0000000014150000]
 total_blobs=57 nmethods=0 adapters=38
 compilation: enabled

Compilation events (0 events):
No events

GC Heap History (0 events):
No events

Deoptimization events (0 events):
No events

Classes redefined (0 events):
No events

Internal exceptions (0 events):
No events

Events (10 events):
Event: 0.034 loading class java/lang/Short
Event: 0.034 loading class java/lang/Short done
Event: 0.034 loading class java/lang/Integer
Event: 0.034 loading class java/lang/Integer done
Event: 0.034 loading class java/lang/Long
Event: 0.034 loading class java/lang/Long done
Event: 0.034 loading class java/lang/NullPointerException
Event: 0.035 loading class java/lang/NullPointerException done
Event: 0.035 loading class java/lang/ArithmeticException
Event: 0.035 loading class java/lang/ArithmeticException done


Dynamic libraries:
0x00007ff74ab30000 - 0x00007ff74ab61000 	E:\Android\Android Studio\jre\bin\java.exe
0x00007ffeff280000 - 0x00007ffeff460000 	C:\WINDOWS\SYSTEM32\ntdll.dll
0x00007ffeff1a0000 - 0x00007ffeff24e000 	C:\WINDOWS\System32\KERNEL32.DLL
0x00007ffefc090000 - 0x00007ffefc2f6000 	C:\WINDOWS\System32\KERNELBASE.dll
0x00007ffefca70000 - 0x00007ffefcb11000 	C:\WINDOWS\System32\ADVAPI32.dll
0x00007ffefea70000 - 0x00007ffefeb0d000 	C:\WINDOWS\System32\msvcrt.dll
0x00007ffefefc0000 - 0x00007ffeff01b000 	C:\WINDOWS\System32\sechost.dll
0x00007ffefc750000 - 0x00007ffefc86f000 	C:\WINDOWS\System32\RPCRT4.dll
0x00007ffefcb20000 - 0x00007ffefccaf000 	C:\WINDOWS\System32\USER32.dll
0x00007ffefb920000 - 0x00007ffefb940000 	C:\WINDOWS\System32\win32u.dll
0x00007ffefd180000 - 0x00007ffefd1a8000 	C:\WINDOWS\System32\GDI32.dll
0x00007ffefb6e0000 - 0x00007ffefb873000 	C:\WINDOWS\System32\gdi32full.dll
0x00007ffefb880000 - 0x00007ffefb91b000 	C:\WINDOWS\System32\msvcp_win.dll
0x00007ffefc580000 - 0x00007ffefc676000 	C:\WINDOWS\System32\ucrtbase.dll
0x00007ffeeeb30000 - 0x00007ffeeed99000 	C:\WINDOWS\WinSxS\amd64_microsoft.windows.common-controls_6595b64144ccf1df_6.0.16299.431_none_15c7d3ee93659e73\COMCTL32.dll
0x00007ffefccb0000 - 0x00007ffefcfb8000 	C:\WINDOWS\System32\combase.dll
0x00007ffefc6d0000 - 0x00007ffefc742000 	C:\WINDOWS\System32\bcryptPrimitives.dll
0x00007ffefd1b0000 - 0x00007ffefd1dd000 	C:\WINDOWS\System32\IMM32.DLL
0x000000006f670000 - 0x000000006f742000 	E:\Android\Android Studio\jre\jre\bin\msvcr100.dll
0x000000006f920000 - 0x000000007015f000 	E:\Android\Android Studio\jre\jre\bin\server\jvm.dll
0x00007ffefcfc0000 - 0x00007ffefcfc8000 	C:\WINDOWS\System32\PSAPI.DLL
0x00007ffef8300000 - 0x00007ffef8309000 	C:\WINDOWS\SYSTEM32\WSOCK32.dll
0x00007ffef5260000 - 0x00007ffef526a000 	C:\WINDOWS\SYSTEM32\VERSION.dll
0x00007ffef6780000 - 0x00007ffef67a3000 	C:\WINDOWS\SYSTEM32\WINMM.dll
0x00007ffefcfd0000 - 0x00007ffefd03c000 	C:\WINDOWS\System32\WS2_32.dll
0x00007ffef6750000 - 0x00007ffef677a000 	C:\WINDOWS\SYSTEM32\winmmbase.dll
0x00007ffefc680000 - 0x00007ffefc6ca000 	C:\WINDOWS\System32\cfgmgr32.dll
0x00007ffef6c00000 - 0x00007ffef6c0f000 	E:\Android\Android Studio\jre\jre\bin\verify.dll
0x00007ffee5ad0000 - 0x00007ffee5af9000 	E:\Android\Android Studio\jre\jre\bin\java.dll
0x00007ffeed3e0000 - 0x00007ffeed3f6000 	E:\Android\Android Studio\jre\jre\bin\zip.dll

VM Arguments:
jvm_args: -Djava.awt.headless=true -Dfile.encoding=GBK -Duser.country=CN -Duser.language=zh -Duser.variant 
java_command: com.android.multidex.ClassReferenceListBuilder E:\AndroidStudioWorkSpace\APICloudModuleSDKNew\app\build\intermediates\multi-dex\debug\componentClasses.jar E:\AndroidStudioWorkSpace\APICloudModuleSDKNew\app\build\intermediates\transforms\jarMerging\debug\jars\1\1f\combined.jar
java_class_path (initial): E:\Android\AndroidSDK\build-tools\25.0.2\lib\dx.jar
Launcher Type: SUN_STANDARD

Environment Variables:
PATH=E:\java\jdk\bin;C:\ProgramData\Oracle\Java\javapath;C:\Program Files (x86)\Intel\iCLS Client\;C:\Program Files\Intel\iCLS Client\;C:\Windows\system32;C:\Windows;C:\Windows\System32\Wbem;C:\Windows\System32\WindowsPowerShell\v1.0\;C:\Program Files (x86)\NVIDIA Corporation\PhysX\Common;C:\Program Files (x86)\Intel\Intel(R) Management Engine Components\DAL;C:\Program Files\Intel\Intel(R) Management Engine Components\DAL;C:\Program Files (x86)\Intel\Intel(R) Management Engine Components\IPT;C:\Program Files\Intel\Intel(R) Management Engine Components\IPT;D:\SoftWare\Git\cmd;D:\SoftWare\TortoiseGit\bin;D:\nodejs\;D:\WinSCP\;C:\WINDOWS\system32;C:\WINDOWS;C:\WINDOWS\System32\Wbem;C:\WINDOWS\System32\WindowsPowerShell\v1.0\;E:\java\jdk\bin;E:\Android\AndroidSDK\tools;C:\myphp_www\PHPTutorial\php\php-5.3.29-nts\php.exe;E:\Android\AndroidSDK\platform-tools;E:\Android\AndroidSDK\tools;C:\Users\Lsrun\AppData\Local\Microsoft\WindowsApps;C:\Users\Lsrun\AppData\Local\GitHubDesktop\bin;C:\Users\Lsrun\AppData\Roaming\npm;C:\Users\Lsrun\AppData\Local\Microsoft\WindowsApps;C:\myphp_www\PHPTutorial\php\php-5.3.29-nts\php.exe;
USERNAME=Lsrun
OS=Windows_NT
PROCESSOR_IDENTIFIER=Intel64 Family 6 Model 158 Stepping 9, GenuineIntel



---------------  S Y S T E M  ---------------

OS: Windows 10.0 , 64 bit Build 16299 (10.0.16299.431)

CPU:total 8 (initial active 8) (4 cores per cpu, 2 threads per core) family 6 model 158 stepping 9, cmov, cx8, fxsr, mmx, sse, sse2, sse3, ssse3, sse4.1, sse4.2, popcnt, avx, avx2, aes, clmul, erms, 3dnowpref, lzcnt, ht, tsc, tscinvbit, bmi1, bmi2, adx

Memory: 4k page, physical 8278164k(393416k free), swap 16142480k(4680k free)

vm_info: OpenJDK 64-Bit Server VM (25.152-b02) for windows-amd64 JRE (1.8.0_152-release-1024-b02), built by "builder" with MS VC++ 10.0 (VS2010)

time: Fri Jun 22 18:00:29 2018
elapsed time: 0 seconds (0d 0h 0m 0s)

